<?xml version="1.0" encoding="UTF-8"?>
<!-- Generated by org.testng.reporters.JUnitXMLReporter -->
<testsuite ignored="0" hostname="TSQA-L029" failures="0" tests="9" name="Default test" time="128.403" errors="0" timestamp="2022-06-16T11:25:23 IST">
  <testcase classname="Runner.Runner" name="firstPage" time="12.264"/>
  <testcase classname="Runner.Runner" name="flightPage" time="5.25"/>
  <testcase classname="Runner.Runner" name="bundlesPage" time="5.232"/>
  <testcase classname="Runner.Runner" name="travelerPage" time="10.33"/>
  <testcase classname="Runner.Runner" name="seatSelection" time="26.171"/>
  <testcase classname="Runner.Runner" name="bagPage" time="12.99"/>
  <testcase classname="Runner.Runner" name="hotelPage" time="12.741"/>
  <testcase classname="Runner.Runner" name="carPage" time="5.425"/>
  <testcase classname="Runner.Runner" name="payment" time="18.335"/>
</testsuite> <!-- Default test -->
