<?xml version="1.0" encoding="UTF-8"?>
<!-- Generated by org.testng.reporters.JUnitXMLReporter -->
<testsuite ignored="0" hostname="TSQA-L029" failures="0" tests="7" name="Test" time="123.381" errors="0" timestamp="2022-06-10T13:47:11 IST">
  <testcase classname="Runner.Runner" name="firstPage" time="13.12"/>
  <testcase classname="Runner.Runner" name="flightPage" time="6.235"/>
  <testcase classname="Runner.Runner" name="bundlesPage" time="4.977"/>
  <testcase classname="Runner.Runner" name="travelerPage" time="15.139"/>
  <testcase classname="Runner.Runner" name="seatSelection" time="28.094"/>
  <testcase classname="Runner.Runner" name="bagPage" time="26.327"/>
  <testcase classname="Runner.Runner" name="payment" time="11.372"/>
</testsuite> <!-- Test -->
