<?xml version="1.0" encoding="UTF-8"?>
<testng-results ignored="0" total="9" passed="9" failed="0" skipped="0">
  <reporter-output>
  </reporter-output>
  <suite started-at="2022-06-16T11:23:15 IST" name="Default suite" finished-at="2022-06-16T11:25:23 IST" duration-ms="128403">
    <groups>
    </groups>
    <test started-at="2022-06-16T11:23:15 IST" name="Default test" finished-at="2022-06-16T11:25:23 IST" duration-ms="128403">
      <class name="Runner.Runner">
        <test-method is-config="true" signature="browserInvoke()[pri:0, instance:Runner.Runner@6cd28fa7]" started-at="2022-06-16T11:23:15 IST" name="browserInvoke" finished-at="2022-06-16T11:23:27 IST" duration-ms="11905" status="PASS">
          <reporter-output>
          </reporter-output>
        </test-method> <!-- browserInvoke -->
        <test-method signature="firstPage()[pri:1, instance:Runner.Runner@6cd28fa7]" started-at="2022-06-16T11:23:27 IST" name="firstPage" finished-at="2022-06-16T11:23:39 IST" duration-ms="12264" status="PASS">
          <reporter-output>
          </reporter-output>
        </test-method> <!-- firstPage -->
        <test-method signature="flightPage()[pri:2, instance:Runner.Runner@6cd28fa7]" started-at="2022-06-16T11:23:39 IST" name="flightPage" finished-at="2022-06-16T11:23:44 IST" duration-ms="5250" status="PASS">
          <reporter-output>
          </reporter-output>
        </test-method> <!-- flightPage -->
        <test-method signature="bundlesPage()[pri:3, instance:Runner.Runner@6cd28fa7]" started-at="2022-06-16T11:23:44 IST" name="bundlesPage" finished-at="2022-06-16T11:23:49 IST" duration-ms="5232" status="PASS">
          <reporter-output>
          </reporter-output>
        </test-method> <!-- bundlesPage -->
        <test-method signature="travelerPage(java.lang.String,java.lang.String,java.lang.String,java.lang.String,java.lang.String,java.lang.String)[pri:4, instance:Runner.Runner@6cd28fa7]" started-at="2022-06-16T11:23:54 IST" name="travelerPage" data-provider="data" finished-at="2022-06-16T11:24:05 IST" duration-ms="10330" status="PASS">
          <params>
            <param index="0">
              <value>
                <![CDATA[Gowri]]>
              </value>
            </param>
            <param index="1">
              <value>
                <![CDATA[Elumalai]]>
              </value>
            </param>
            <param index="2">
              <value>
                <![CDATA[1997]]>
              </value>
            </param>
            <param index="3">
              <value>
                <![CDATA[Vani]]>
              </value>
            </param>
            <param index="4">
              <value>
                <![CDATA[Elumalai]]>
              </value>
            </param>
            <param index="5">
              <value>
                <![CDATA[2001]]>
              </value>
            </param>
          </params>
          <reporter-output>
          </reporter-output>
        </test-method> <!-- travelerPage -->
        <test-method signature="seatSelection()[pri:5, instance:Runner.Runner@6cd28fa7]" started-at="2022-06-16T11:24:05 IST" name="seatSelection" finished-at="2022-06-16T11:24:31 IST" duration-ms="26171" status="PASS">
          <reporter-output>
          </reporter-output>
        </test-method> <!-- seatSelection -->
        <test-method signature="bagPage()[pri:6, instance:Runner.Runner@6cd28fa7]" started-at="2022-06-16T11:24:31 IST" name="bagPage" finished-at="2022-06-16T11:24:44 IST" duration-ms="12990" status="PASS">
          <reporter-output>
          </reporter-output>
        </test-method> <!-- bagPage -->
        <test-method signature="hotelPage()[pri:7, instance:Runner.Runner@6cd28fa7]" started-at="2022-06-16T11:24:44 IST" name="hotelPage" finished-at="2022-06-16T11:24:56 IST" duration-ms="12741" status="PASS">
          <reporter-output>
          </reporter-output>
        </test-method> <!-- hotelPage -->
        <test-method signature="carPage()[pri:8, instance:Runner.Runner@6cd28fa7]" started-at="2022-06-16T11:24:56 IST" name="carPage" finished-at="2022-06-16T11:25:02 IST" duration-ms="5425" status="PASS">
          <reporter-output>
          </reporter-output>
        </test-method> <!-- carPage -->
        <test-method signature="payment(java.lang.String,java.lang.String,java.lang.String,java.lang.String,java.lang.String,java.lang.String,java.lang.String)[pri:9, instance:Runner.Runner@6cd28fa7]" started-at="2022-06-16T11:25:02 IST" name="payment" data-provider="payments" finished-at="2022-06-16T11:25:20 IST" duration-ms="18335" status="PASS">
          <params>
            <param index="0">
              <value>
                <![CDATA[7894325614572580]]>
              </value>
            </param>
            <param index="1">
              <value>
                <![CDATA[123]]>
              </value>
            </param>
            <param index="2">
              <value>
                <![CDATA[87,babycorn street,left mahal]]>
              </value>
            </param>
            <param index="3">
              <value>
                <![CDATA[Paris]]>
              </value>
            </param>
            <param index="4">
              <value>
                <![CDATA[90952]]>
              </value>
            </param>
            <param index="5">
              <value>
                <![CDATA[4151231234]]>
              </value>
            </param>
            <param index="6">
              <value>
                <![CDATA[divyaa311097@gmail.com]]>
              </value>
            </param>
          </params>
          <reporter-output>
          </reporter-output>
        </test-method> <!-- payment -->
        <test-method is-config="true" signature="quit()[pri:0, instance:Runner.Runner@6cd28fa7]" started-at="2022-06-16T11:25:20 IST" name="quit" finished-at="2022-06-16T11:25:23 IST" duration-ms="2686" status="PASS">
          <reporter-output>
          </reporter-output>
        </test-method> <!-- quit -->
      </class> <!-- Runner.Runner -->
    </test> <!-- Default test -->
  </suite> <!-- Default suite -->
</testng-results>
